<?xml version="1.0" encoding="UTF-8"?>
<testsuite xmlns:xsi="http://www.w3.org/2001/XMLSchema-instance" xsi:noNamespaceSchemaLocation="https://maven.apache.org/surefire/maven-surefire-plugin/xsd/surefire-test-report.xsd" name="fr.theialand.insitu.dataportal.etl.transformer.GeotoolkitBugsTest" time="0.917" tests="2" errors="0" skipped="1" failures="0">
  <properties>
[...]
</properties>
  <testcase name="inversionOfCoordinatesTrapTest" classname="fr.theialand.insitu.dataportal.etl.transformer.GeotoolkitBugsTest" time="0.916"/>
  <testcase name="parsingOrderBugTest" classname="fr.theialand.insitu.dataportal.etl.transformer.GeotoolkitBugsTest" time="0">
    <skipped message="&apos;type&apos; should come before &apos;coordinates&apos;, or else the parser fails. issue posted to geotoolkit folks. Hopefully, we managed to get type first."/>
  </testcase>
</testsuite>