<?xml version="1.0" encoding="UTF-8"?>
<testsuite xmlns:xsi="http://www.w3.org/2001/XMLSchema-instance" xsi:noNamespaceSchemaLocation="https://maven.apache.org/surefire/maven-failsafe-plugin/xsd/failsafe-test-report.xsd" name="fr.theialand.insitu.dataportal.api.restcountries.RestCountriesIT" time="3.165" tests="2" errors="0" skipped="0" failures="0">
  <properties>
[...]
</properties>
  <testcase name="testGetEUCode" classname="fr.theialand.insitu.dataportal.api.restcountries.RestCountriesIT" time="0.307"/>
  <testcase name="testGetFRCountryShouldAnswerFRandMapResult" classname="fr.theialand.insitu.dataportal.api.restcountries.RestCountriesIT" time="0.841"/>
</testsuite>